2021-06-15 20:59:49.650 |-INFO  [restartedMain] tk.fulsun.gateway.GateWayApplication [55] -| Starting GateWayApplication on LAPTOP-FE293NEP with PID 10652 (F:\clone\springboot-study\project-seckill-gateway-service\target\classes started by fulsun in F:\clone\springboot-study)
2021-06-15 20:59:49.664 |-INFO  [restartedMain] tk.fulsun.gateway.GateWayApplication [648] -| No active profile set, falling back to default profiles: default
2021-06-15 20:59:49.817 |-INFO  [restartedMain] org.springframework.boot.devtools.env.DevToolsPropertyDefaultsPostProcessor [225] -| Devtools property defaults active! Set 'spring.devtools.add-properties' to 'false' to disable
2021-06-15 20:59:49.818 |-INFO  [restartedMain] org.springframework.boot.devtools.env.DevToolsPropertyDefaultsPostProcessor [225] -| For additional web related logging consider setting the 'logging.level.web' property to 'DEBUG'
2021-06-15 20:59:51.545 |-INFO  [restartedMain] org.springframework.data.repository.config.RepositoryConfigurationDelegate [249] -| Multiple Spring Data modules found, entering strict repository configuration mode!
2021-06-15 20:59:51.551 |-INFO  [restartedMain] org.springframework.data.repository.config.RepositoryConfigurationDelegate [127] -| Bootstrapping Spring Data Redis repositories in DEFAULT mode.
2021-06-15 20:59:51.612 |-INFO  [restartedMain] org.springframework.data.repository.config.RepositoryConfigurationDelegate [187] -| Finished Spring Data repository scanning in 21ms. Found 0 Redis repository interfaces.
2021-06-15 20:59:53.172 |-INFO  [restartedMain] org.springframework.boot.web.embedded.tomcat.TomcatWebServer [108] -| Tomcat initialized with port(s): 8070 (http)
2021-06-15 20:59:53.187 |-INFO  [restartedMain] org.apache.catalina.core.StandardService [173] -| Starting service [Tomcat]
2021-06-15 20:59:53.188 |-INFO  [restartedMain] org.apache.catalina.core.StandardEngine [173] -| Starting Servlet engine: [Apache Tomcat/9.0.46]
2021-06-15 20:59:53.303 |-INFO  [restartedMain] org.apache.catalina.core.ContainerBase.[Tomcat].[localhost].[/] [173] -| Initializing Spring embedded WebApplicationContext
2021-06-15 20:59:53.303 |-INFO  [restartedMain] org.springframework.boot.web.servlet.context.ServletWebServerApplicationContext [285] -| Root WebApplicationContext: initialization completed in 3482 ms
2021-06-15 20:59:53.429 |-INFO  [restartedMain] com.zaxxer.hikari.HikariDataSource [110] -| HikariPool-1 - Starting...
2021-06-15 20:59:53.670 |-INFO  [restartedMain] com.zaxxer.hikari.HikariDataSource [123] -| HikariPool-1 - Start completed.
2021-06-15 20:59:53.717 |-INFO  [restartedMain] org.springframework.boot.autoconfigure.h2.H2ConsoleAutoConfiguration [73] -| H2 console available at '/h2'. Database available at 'jdbc:h2:mem:testdbsa'
2021-06-15 20:59:53.824 |-INFO  [restartedMain] org.springframework.boot.devtools.autoconfigure.OptionalLiveReloadServer [58] -| LiveReload server is running on port 35729
2021-06-15 20:59:55.131 |-WARN  [restartedMain] org.springframework.boot.web.servlet.context.AnnotationConfigServletWebServerApplicationContext [559] -| Exception encountered during context initialization - cancelling refresh attempt: org.springframework.beans.factory.BeanCreationException: Error creating bean with name 'secKillProductConfig' defined in file [F:\clone\springboot-study\project-seckill-gateway-service\target\classes\tk\fulsun\gateway\common\config\SecKillProductConfig.class]: Invocation of init method failed; nested exception is java.lang.ClassCastException: tk.fulsun.gateway.common.dao.dataobject.secKillProduct cannot be cast to java.lang.String
2021-06-15 20:59:55.211 |-INFO  [restartedMain] com.zaxxer.hikari.HikariDataSource [350] -| HikariPool-1 - Shutdown initiated...
2021-06-15 20:59:55.236 |-INFO  [restartedMain] com.zaxxer.hikari.HikariDataSource [352] -| HikariPool-1 - Shutdown completed.
2021-06-15 20:59:55.240 |-INFO  [restartedMain] org.apache.catalina.core.StandardService [173] -| Stopping service [Tomcat]
2021-06-15 20:59:55.250 |-INFO  [restartedMain] org.springframework.boot.autoconfigure.logging.ConditionEvaluationReportLoggingListener [136] -| 

Error starting ApplicationContext. To display the conditions report re-run your application with 'debug' enabled.
2021-06-15 20:59:55.365 |-ERROR [restartedMain] org.springframework.boot.SpringApplication [834] -| Application run failed
org.springframework.beans.factory.BeanCreationException: Error creating bean with name 'secKillProductConfig' defined in file [F:\clone\springboot-study\project-seckill-gateway-service\target\classes\tk\fulsun\gateway\common\config\SecKillProductConfig.class]: Invocation of init method failed; nested exception is java.lang.ClassCastException: tk.fulsun.gateway.common.dao.dataobject.secKillProduct cannot be cast to java.lang.String
	at org.springframework.beans.factory.support.AbstractAutowireCapableBeanFactory.initializeBean(AbstractAutowireCapableBeanFactory.java:1799)
	at org.springframework.beans.factory.support.AbstractAutowireCapableBeanFactory.doCreateBean(AbstractAutowireCapableBeanFactory.java:594)
	at org.springframework.beans.factory.support.AbstractAutowireCapableBeanFactory.createBean(AbstractAutowireCapableBeanFactory.java:516)
	at org.springframework.beans.factory.support.AbstractBeanFactory.lambda$doGetBean$0(AbstractBeanFactory.java:324)
	at org.springframework.beans.factory.support.DefaultSingletonBeanRegistry.getSingleton(DefaultSingletonBeanRegistry.java:234)
	at org.springframework.beans.factory.support.AbstractBeanFactory.doGetBean(AbstractBeanFactory.java:322)
	at org.springframework.beans.factory.support.AbstractBeanFactory.getBean(AbstractBeanFactory.java:202)
	at org.springframework.beans.factory.support.DefaultListableBeanFactory.preInstantiateSingletons(DefaultListableBeanFactory.java:897)
	at org.springframework.context.support.AbstractApplicationContext.finishBeanFactoryInitialization(AbstractApplicationContext.java:879)
	at org.springframework.context.support.AbstractApplicationContext.refresh(AbstractApplicationContext.java:551)
	at org.springframework.boot.web.servlet.context.ServletWebServerApplicationContext.refresh(ServletWebServerApplicationContext.java:143)
	at org.springframework.boot.SpringApplication.refresh(SpringApplication.java:755)
	at org.springframework.boot.SpringApplication.refresh(SpringApplication.java:747)
	at org.springframework.boot.SpringApplication.refreshContext(SpringApplication.java:402)
	at org.springframework.boot.SpringApplication.run(SpringApplication.java:312)
	at org.springframework.boot.SpringApplication.run(SpringApplication.java:1247)
	at org.springframework.boot.SpringApplication.run(SpringApplication.java:1236)
	at tk.fulsun.gateway.GateWayApplication.main(GateWayApplication.java:16)
	at sun.reflect.NativeMethodAccessorImpl.invoke0(Native Method)
	at sun.reflect.NativeMethodAccessorImpl.invoke(NativeMethodAccessorImpl.java:62)
	at sun.reflect.DelegatingMethodAccessorImpl.invoke(DelegatingMethodAccessorImpl.java:43)
	at java.lang.reflect.Method.invoke(Method.java:498)
	at org.springframework.boot.devtools.restart.RestartLauncher.run(RestartLauncher.java:49)
Caused by: java.lang.ClassCastException: tk.fulsun.gateway.common.dao.dataobject.secKillProduct cannot be cast to java.lang.String
	at org.springframework.data.redis.serializer.StringRedisSerializer.serialize(StringRedisSerializer.java:36)
	at org.springframework.data.redis.core.AbstractOperations.rawValue(AbstractOperations.java:127)
	at org.springframework.data.redis.core.DefaultValueOperations.set(DefaultValueOperations.java:254)
	at tk.fulsun.gateway.common.config.SecKillProductConfig.lambda$afterPropertiesSet$0(SecKillProductConfig.java:38)
	at java.util.ArrayList$ArrayListSpliterator.forEachRemaining(ArrayList.java:1382)
	at java.util.stream.ReferencePipeline$Head.forEach(ReferencePipeline.java:580)
	at tk.fulsun.gateway.common.config.SecKillProductConfig.afterPropertiesSet(SecKillProductConfig.java:35)
	at org.springframework.beans.factory.support.AbstractAutowireCapableBeanFactory.invokeInitMethods(AbstractAutowireCapableBeanFactory.java:1858)
	at org.springframework.beans.factory.support.AbstractAutowireCapableBeanFactory.initializeBean(AbstractAutowireCapableBeanFactory.java:1795)
	... 22 common frames omitted
2021-06-15 21:03:33.853 |-INFO  [restartedMain] tk.fulsun.gateway.GateWayApplication [55] -| Starting GateWayApplication on LAPTOP-FE293NEP with PID 13436 (F:\clone\springboot-study\project-seckill-gateway-service\target\classes started by fulsun in F:\clone\springboot-study)
2021-06-15 21:03:33.858 |-INFO  [restartedMain] tk.fulsun.gateway.GateWayApplication [648] -| No active profile set, falling back to default profiles: default
2021-06-15 21:03:34.167 |-INFO  [restartedMain] org.springframework.boot.devtools.env.DevToolsPropertyDefaultsPostProcessor [225] -| Devtools property defaults active! Set 'spring.devtools.add-properties' to 'false' to disable
2021-06-15 21:03:34.167 |-INFO  [restartedMain] org.springframework.boot.devtools.env.DevToolsPropertyDefaultsPostProcessor [225] -| For additional web related logging consider setting the 'logging.level.web' property to 'DEBUG'
2021-06-15 21:03:35.297 |-INFO  [restartedMain] org.springframework.data.repository.config.RepositoryConfigurationDelegate [249] -| Multiple Spring Data modules found, entering strict repository configuration mode!
2021-06-15 21:03:35.301 |-INFO  [restartedMain] org.springframework.data.repository.config.RepositoryConfigurationDelegate [127] -| Bootstrapping Spring Data Redis repositories in DEFAULT mode.
2021-06-15 21:03:35.348 |-INFO  [restartedMain] org.springframework.data.repository.config.RepositoryConfigurationDelegate [187] -| Finished Spring Data repository scanning in 22ms. Found 0 Redis repository interfaces.
2021-06-15 21:03:36.506 |-INFO  [restartedMain] org.springframework.boot.web.embedded.tomcat.TomcatWebServer [108] -| Tomcat initialized with port(s): 8070 (http)
2021-06-15 21:03:36.522 |-INFO  [restartedMain] org.apache.catalina.core.StandardService [173] -| Starting service [Tomcat]
2021-06-15 21:03:36.522 |-INFO  [restartedMain] org.apache.catalina.core.StandardEngine [173] -| Starting Servlet engine: [Apache Tomcat/9.0.46]
2021-06-15 21:03:36.630 |-INFO  [restartedMain] org.apache.catalina.core.ContainerBase.[Tomcat].[localhost].[/] [173] -| Initializing Spring embedded WebApplicationContext
2021-06-15 21:03:36.630 |-INFO  [restartedMain] org.springframework.boot.web.servlet.context.ServletWebServerApplicationContext [285] -| Root WebApplicationContext: initialization completed in 2462 ms
2021-06-15 21:03:36.688 |-INFO  [restartedMain] com.zaxxer.hikari.HikariDataSource [110] -| HikariPool-1 - Starting...
2021-06-15 21:03:36.960 |-INFO  [restartedMain] com.zaxxer.hikari.HikariDataSource [123] -| HikariPool-1 - Start completed.
2021-06-15 21:03:37.006 |-INFO  [restartedMain] org.springframework.boot.autoconfigure.h2.H2ConsoleAutoConfiguration [73] -| H2 console available at '/h2'. Database available at 'jdbc:h2:mem:testdbsa'
2021-06-15 21:03:37.071 |-INFO  [restartedMain] org.springframework.boot.devtools.autoconfigure.OptionalLiveReloadServer [58] -| LiveReload server is running on port 35729
2021-06-15 21:03:37.902 |-WARN  [restartedMain] org.springframework.boot.web.servlet.context.AnnotationConfigServletWebServerApplicationContext [559] -| Exception encountered during context initialization - cancelling refresh attempt: org.springframework.beans.factory.BeanCreationException: Error creating bean with name 'secKillProductConfig' defined in file [F:\clone\springboot-study\project-seckill-gateway-service\target\classes\tk\fulsun\gateway\common\config\SecKillProductConfig.class]: Invocation of init method failed; nested exception is java.lang.ClassCastException: tk.fulsun.gateway.common.dao.dataobject.secKillProduct cannot be cast to java.lang.String
2021-06-15 21:03:37.950 |-INFO  [restartedMain] com.zaxxer.hikari.HikariDataSource [350] -| HikariPool-1 - Shutdown initiated...
2021-06-15 21:03:37.977 |-INFO  [restartedMain] com.zaxxer.hikari.HikariDataSource [352] -| HikariPool-1 - Shutdown completed.
2021-06-15 21:03:37.981 |-INFO  [restartedMain] org.apache.catalina.core.StandardService [173] -| Stopping service [Tomcat]
2021-06-15 21:03:37.995 |-INFO  [restartedMain] org.springframework.boot.autoconfigure.logging.ConditionEvaluationReportLoggingListener [136] -| 

Error starting ApplicationContext. To display the conditions report re-run your application with 'debug' enabled.
2021-06-15 21:03:38.019 |-ERROR [restartedMain] org.springframework.boot.SpringApplication [834] -| Application run failed
org.springframework.beans.factory.BeanCreationException: Error creating bean with name 'secKillProductConfig' defined in file [F:\clone\springboot-study\project-seckill-gateway-service\target\classes\tk\fulsun\gateway\common\config\SecKillProductConfig.class]: Invocation of init method failed; nested exception is java.lang.ClassCastException: tk.fulsun.gateway.common.dao.dataobject.secKillProduct cannot be cast to java.lang.String
	at org.springframework.beans.factory.support.AbstractAutowireCapableBeanFactory.initializeBean(AbstractAutowireCapableBeanFactory.java:1799)
	at org.springframework.beans.factory.support.AbstractAutowireCapableBeanFactory.doCreateBean(AbstractAutowireCapableBeanFactory.java:594)
	at org.springframework.beans.factory.support.AbstractAutowireCapableBeanFactory.createBean(AbstractAutowireCapableBeanFactory.java:516)
	at org.springframework.beans.factory.support.AbstractBeanFactory.lambda$doGetBean$0(AbstractBeanFactory.java:324)
	at org.springframework.beans.factory.support.DefaultSingletonBeanRegistry.getSingleton(DefaultSingletonBeanRegistry.java:234)
	at org.springframework.beans.factory.support.AbstractBeanFactory.doGetBean(AbstractBeanFactory.java:322)
	at org.springframework.beans.factory.support.AbstractBeanFactory.getBean(AbstractBeanFactory.java:202)
	at org.springframework.beans.factory.support.DefaultListableBeanFactory.preInstantiateSingletons(DefaultListableBeanFactory.java:897)
	at org.springframework.context.support.AbstractApplicationContext.finishBeanFactoryInitialization(AbstractApplicationContext.java:879)
	at org.springframework.context.support.AbstractApplicationContext.refresh(AbstractApplicationContext.java:551)
	at org.springframework.boot.web.servlet.context.ServletWebServerApplicationContext.refresh(ServletWebServerApplicationContext.java:143)
	at org.springframework.boot.SpringApplication.refresh(SpringApplication.java:755)
	at org.springframework.boot.SpringApplication.refresh(SpringApplication.java:747)
	at org.springframework.boot.SpringApplication.refreshContext(SpringApplication.java:402)
	at org.springframework.boot.SpringApplication.run(SpringApplication.java:312)
	at org.springframework.boot.SpringApplication.run(SpringApplication.java:1247)
	at org.springframework.boot.SpringApplication.run(SpringApplication.java:1236)
	at tk.fulsun.gateway.GateWayApplication.main(GateWayApplication.java:16)
	at sun.reflect.NativeMethodAccessorImpl.invoke0(Native Method)
	at sun.reflect.NativeMethodAccessorImpl.invoke(NativeMethodAccessorImpl.java:62)
	at sun.reflect.DelegatingMethodAccessorImpl.invoke(DelegatingMethodAccessorImpl.java:43)
	at java.lang.reflect.Method.invoke(Method.java:498)
	at org.springframework.boot.devtools.restart.RestartLauncher.run(RestartLauncher.java:49)
Caused by: java.lang.ClassCastException: tk.fulsun.gateway.common.dao.dataobject.secKillProduct cannot be cast to java.lang.String
	at org.springframework.data.redis.serializer.StringRedisSerializer.serialize(StringRedisSerializer.java:36)
	at org.springframework.data.redis.core.AbstractOperations.rawValue(AbstractOperations.java:127)
	at org.springframework.data.redis.core.DefaultValueOperations.set(DefaultValueOperations.java:254)
	at tk.fulsun.gateway.common.config.SecKillProductConfig.lambda$afterPropertiesSet$0(SecKillProductConfig.java:38)
	at java.util.ArrayList$ArrayListSpliterator.forEachRemaining(ArrayList.java:1382)
	at java.util.stream.ReferencePipeline$Head.forEach(ReferencePipeline.java:580)
	at tk.fulsun.gateway.common.config.SecKillProductConfig.afterPropertiesSet(SecKillProductConfig.java:35)
	at org.springframework.beans.factory.support.AbstractAutowireCapableBeanFactory.invokeInitMethods(AbstractAutowireCapableBeanFactory.java:1858)
	at org.springframework.beans.factory.support.AbstractAutowireCapableBeanFactory.initializeBean(AbstractAutowireCapableBeanFactory.java:1795)
	... 22 common frames omitted
2021-06-15 21:04:40.598 |-INFO  [restartedMain] tk.fulsun.gateway.GateWayApplication [55] -| Starting GateWayApplication on LAPTOP-FE293NEP with PID 16172 (F:\clone\springboot-study\project-seckill-gateway-service\target\classes started by fulsun in F:\clone\springboot-study)
2021-06-15 21:04:40.602 |-INFO  [restartedMain] tk.fulsun.gateway.GateWayApplication [648] -| No active profile set, falling back to default profiles: default
2021-06-15 21:04:40.718 |-INFO  [restartedMain] org.springframework.boot.devtools.env.DevToolsPropertyDefaultsPostProcessor [225] -| Devtools property defaults active! Set 'spring.devtools.add-properties' to 'false' to disable
2021-06-15 21:04:40.720 |-INFO  [restartedMain] org.springframework.boot.devtools.env.DevToolsPropertyDefaultsPostProcessor [225] -| For additional web related logging consider setting the 'logging.level.web' property to 'DEBUG'
2021-06-15 21:04:41.584 |-INFO  [restartedMain] org.springframework.data.repository.config.RepositoryConfigurationDelegate [249] -| Multiple Spring Data modules found, entering strict repository configuration mode!
2021-06-15 21:04:41.588 |-INFO  [restartedMain] org.springframework.data.repository.config.RepositoryConfigurationDelegate [127] -| Bootstrapping Spring Data Redis repositories in DEFAULT mode.
2021-06-15 21:04:41.622 |-INFO  [restartedMain] org.springframework.data.repository.config.RepositoryConfigurationDelegate [187] -| Finished Spring Data repository scanning in 16ms. Found 0 Redis repository interfaces.
2021-06-15 21:04:42.677 |-INFO  [restartedMain] org.springframework.boot.web.embedded.tomcat.TomcatWebServer [108] -| Tomcat initialized with port(s): 8070 (http)
2021-06-15 21:04:42.692 |-INFO  [restartedMain] org.apache.catalina.core.StandardService [173] -| Starting service [Tomcat]
2021-06-15 21:04:42.692 |-INFO  [restartedMain] org.apache.catalina.core.StandardEngine [173] -| Starting Servlet engine: [Apache Tomcat/9.0.46]
2021-06-15 21:04:42.792 |-INFO  [restartedMain] org.apache.catalina.core.ContainerBase.[Tomcat].[localhost].[/] [173] -| Initializing Spring embedded WebApplicationContext
2021-06-15 21:04:42.792 |-INFO  [restartedMain] org.springframework.boot.web.servlet.context.ServletWebServerApplicationContext [285] -| Root WebApplicationContext: initialization completed in 2071 ms
2021-06-15 21:04:42.852 |-INFO  [restartedMain] com.zaxxer.hikari.HikariDataSource [110] -| HikariPool-1 - Starting...
2021-06-15 21:04:43.044 |-INFO  [restartedMain] com.zaxxer.hikari.HikariDataSource [123] -| HikariPool-1 - Start completed.
2021-06-15 21:04:43.088 |-INFO  [restartedMain] org.springframework.boot.autoconfigure.h2.H2ConsoleAutoConfiguration [73] -| H2 console available at '/h2'. Database available at 'jdbc:h2:mem:testdbsa'
2021-06-15 21:04:43.148 |-INFO  [restartedMain] org.springframework.boot.devtools.autoconfigure.OptionalLiveReloadServer [58] -| LiveReload server is running on port 35729
2021-06-15 21:04:43.835 |-WARN  [restartedMain] org.springframework.boot.web.servlet.context.AnnotationConfigServletWebServerApplicationContext [559] -| Exception encountered during context initialization - cancelling refresh attempt: org.springframework.beans.factory.BeanCreationException: Error creating bean with name 'secKillProductConfig' defined in file [F:\clone\springboot-study\project-seckill-gateway-service\target\classes\tk\fulsun\gateway\common\config\SecKillProductConfig.class]: Invocation of init method failed; nested exception is java.lang.ClassCastException: tk.fulsun.gateway.common.dao.dataobject.secKillProduct cannot be cast to java.lang.String
2021-06-15 21:04:43.851 |-INFO  [restartedMain] com.zaxxer.hikari.HikariDataSource [350] -| HikariPool-1 - Shutdown initiated...
2021-06-15 21:04:43.854 |-INFO  [restartedMain] com.zaxxer.hikari.HikariDataSource [352] -| HikariPool-1 - Shutdown completed.
2021-06-15 21:04:43.859 |-INFO  [restartedMain] org.apache.catalina.core.StandardService [173] -| Stopping service [Tomcat]
2021-06-15 21:04:43.869 |-INFO  [restartedMain] org.springframework.boot.autoconfigure.logging.ConditionEvaluationReportLoggingListener [136] -| 

Error starting ApplicationContext. To display the conditions report re-run your application with 'debug' enabled.
2021-06-15 21:04:43.889 |-ERROR [restartedMain] org.springframework.boot.SpringApplication [834] -| Application run failed
org.springframework.beans.factory.BeanCreationException: Error creating bean with name 'secKillProductConfig' defined in file [F:\clone\springboot-study\project-seckill-gateway-service\target\classes\tk\fulsun\gateway\common\config\SecKillProductConfig.class]: Invocation of init method failed; nested exception is java.lang.ClassCastException: tk.fulsun.gateway.common.dao.dataobject.secKillProduct cannot be cast to java.lang.String
	at org.springframework.beans.factory.support.AbstractAutowireCapableBeanFactory.initializeBean(AbstractAutowireCapableBeanFactory.java:1799)
	at org.springframework.beans.factory.support.AbstractAutowireCapableBeanFactory.doCreateBean(AbstractAutowireCapableBeanFactory.java:594)
	at org.springframework.beans.factory.support.AbstractAutowireCapableBeanFactory.createBean(AbstractAutowireCapableBeanFactory.java:516)
	at org.springframework.beans.factory.support.AbstractBeanFactory.lambda$doGetBean$0(AbstractBeanFactory.java:324)
	at org.springframework.beans.factory.support.DefaultSingletonBeanRegistry.getSingleton(DefaultSingletonBeanRegistry.java:234)
	at org.springframework.beans.factory.support.AbstractBeanFactory.doGetBean(AbstractBeanFactory.java:322)
	at org.springframework.beans.factory.support.AbstractBeanFactory.getBean(AbstractBeanFactory.java:202)
	at org.springframework.beans.factory.support.DefaultListableBeanFactory.preInstantiateSingletons(DefaultListableBeanFactory.java:897)
	at org.springframework.context.support.AbstractApplicationContext.finishBeanFactoryInitialization(AbstractApplicationContext.java:879)
	at org.springframework.context.support.AbstractApplicationContext.refresh(AbstractApplicationContext.java:551)
	at org.springframework.boot.web.servlet.context.ServletWebServerApplicationContext.refresh(ServletWebServerApplicationContext.java:143)
	at org.springframework.boot.SpringApplication.refresh(SpringApplication.java:755)
	at org.springframework.boot.SpringApplication.refresh(SpringApplication.java:747)
	at org.springframework.boot.SpringApplication.refreshContext(SpringApplication.java:402)
	at org.springframework.boot.SpringApplication.run(SpringApplication.java:312)
	at org.springframework.boot.SpringApplication.run(SpringApplication.java:1247)
	at org.springframework.boot.SpringApplication.run(SpringApplication.java:1236)
	at tk.fulsun.gateway.GateWayApplication.main(GateWayApplication.java:16)
	at sun.reflect.NativeMethodAccessorImpl.invoke0(Native Method)
	at sun.reflect.NativeMethodAccessorImpl.invoke(NativeMethodAccessorImpl.java:62)
	at sun.reflect.DelegatingMethodAccessorImpl.invoke(DelegatingMethodAccessorImpl.java:43)
	at java.lang.reflect.Method.invoke(Method.java:498)
	at org.springframework.boot.devtools.restart.RestartLauncher.run(RestartLauncher.java:49)
Caused by: java.lang.ClassCastException: tk.fulsun.gateway.common.dao.dataobject.secKillProduct cannot be cast to java.lang.String
	at org.springframework.data.redis.serializer.StringRedisSerializer.serialize(StringRedisSerializer.java:36)
	at org.springframework.data.redis.core.AbstractOperations.rawValue(AbstractOperations.java:127)
	at org.springframework.data.redis.core.DefaultValueOperations.set(DefaultValueOperations.java:254)
	at tk.fulsun.gateway.common.config.SecKillProductConfig.lambda$afterPropertiesSet$0(SecKillProductConfig.java:38)
	at java.util.ArrayList$ArrayListSpliterator.forEachRemaining(ArrayList.java:1382)
	at java.util.stream.ReferencePipeline$Head.forEach(ReferencePipeline.java:580)
	at tk.fulsun.gateway.common.config.SecKillProductConfig.afterPropertiesSet(SecKillProductConfig.java:35)
	at org.springframework.beans.factory.support.AbstractAutowireCapableBeanFactory.invokeInitMethods(AbstractAutowireCapableBeanFactory.java:1858)
	at org.springframework.beans.factory.support.AbstractAutowireCapableBeanFactory.initializeBean(AbstractAutowireCapableBeanFactory.java:1795)
	... 22 common frames omitted
2021-06-15 21:08:20.535 |-INFO  [restartedMain] tk.fulsun.gateway.GateWayApplication [55] -| Starting GateWayApplication on LAPTOP-FE293NEP with PID 11508 (F:\clone\springboot-study\project-seckill-gateway-service\target\classes started by fulsun in F:\clone\springboot-study)
2021-06-15 21:08:20.539 |-INFO  [restartedMain] tk.fulsun.gateway.GateWayApplication [648] -| No active profile set, falling back to default profiles: default
2021-06-15 21:08:20.659 |-INFO  [restartedMain] org.springframework.boot.devtools.env.DevToolsPropertyDefaultsPostProcessor [225] -| Devtools property defaults active! Set 'spring.devtools.add-properties' to 'false' to disable
2021-06-15 21:08:20.659 |-INFO  [restartedMain] org.springframework.boot.devtools.env.DevToolsPropertyDefaultsPostProcessor [225] -| For additional web related logging consider setting the 'logging.level.web' property to 'DEBUG'
2021-06-15 21:08:21.514 |-INFO  [restartedMain] org.springframework.data.repository.config.RepositoryConfigurationDelegate [249] -| Multiple Spring Data modules found, entering strict repository configuration mode!
2021-06-15 21:08:21.517 |-INFO  [restartedMain] org.springframework.data.repository.config.RepositoryConfigurationDelegate [127] -| Bootstrapping Spring Data Redis repositories in DEFAULT mode.
2021-06-15 21:08:21.550 |-INFO  [restartedMain] org.springframework.data.repository.config.RepositoryConfigurationDelegate [187] -| Finished Spring Data repository scanning in 16ms. Found 0 Redis repository interfaces.
2021-06-15 21:08:22.612 |-INFO  [restartedMain] org.springframework.boot.web.embedded.tomcat.TomcatWebServer [108] -| Tomcat initialized with port(s): 8070 (http)
2021-06-15 21:08:22.627 |-INFO  [restartedMain] org.apache.catalina.core.StandardService [173] -| Starting service [Tomcat]
2021-06-15 21:08:22.628 |-INFO  [restartedMain] org.apache.catalina.core.StandardEngine [173] -| Starting Servlet engine: [Apache Tomcat/9.0.46]
2021-06-15 21:08:22.731 |-INFO  [restartedMain] org.apache.catalina.core.ContainerBase.[Tomcat].[localhost].[/] [173] -| Initializing Spring embedded WebApplicationContext
2021-06-15 21:08:22.732 |-INFO  [restartedMain] org.springframework.boot.web.servlet.context.ServletWebServerApplicationContext [285] -| Root WebApplicationContext: initialization completed in 2068 ms
2021-06-15 21:08:22.795 |-INFO  [restartedMain] com.zaxxer.hikari.HikariDataSource [110] -| HikariPool-1 - Starting...
2021-06-15 21:08:23.016 |-INFO  [restartedMain] com.zaxxer.hikari.HikariDataSource [123] -| HikariPool-1 - Start completed.
2021-06-15 21:08:23.066 |-INFO  [restartedMain] org.springframework.boot.autoconfigure.h2.H2ConsoleAutoConfiguration [73] -| H2 console available at '/h2'. Database available at 'jdbc:h2:mem:testdbsa'
2021-06-15 21:08:23.141 |-INFO  [restartedMain] org.springframework.boot.devtools.autoconfigure.OptionalLiveReloadServer [58] -| LiveReload server is running on port 35729
2021-06-15 21:08:23.874 |-WARN  [restartedMain] org.springframework.boot.web.servlet.context.AnnotationConfigServletWebServerApplicationContext [559] -| Exception encountered during context initialization - cancelling refresh attempt: org.springframework.beans.factory.BeanCreationException: Error creating bean with name 'secKillProductConfig' defined in file [F:\clone\springboot-study\project-seckill-gateway-service\target\classes\tk\fulsun\gateway\common\config\SecKillProductConfig.class]: Invocation of init method failed; nested exception is java.lang.ClassCastException: tk.fulsun.gateway.common.dao.dataobject.secKillProduct cannot be cast to java.lang.String
2021-06-15 21:08:23.891 |-INFO  [restartedMain] com.zaxxer.hikari.HikariDataSource [350] -| HikariPool-1 - Shutdown initiated...
2021-06-15 21:08:23.894 |-INFO  [restartedMain] com.zaxxer.hikari.HikariDataSource [352] -| HikariPool-1 - Shutdown completed.
2021-06-15 21:08:23.898 |-INFO  [restartedMain] org.apache.catalina.core.StandardService [173] -| Stopping service [Tomcat]
2021-06-15 21:08:23.908 |-INFO  [restartedMain] org.springframework.boot.autoconfigure.logging.ConditionEvaluationReportLoggingListener [136] -| 

Error starting ApplicationContext. To display the conditions report re-run your application with 'debug' enabled.
2021-06-15 21:08:23.927 |-ERROR [restartedMain] org.springframework.boot.SpringApplication [834] -| Application run failed
org.springframework.beans.factory.BeanCreationException: Error creating bean with name 'secKillProductConfig' defined in file [F:\clone\springboot-study\project-seckill-gateway-service\target\classes\tk\fulsun\gateway\common\config\SecKillProductConfig.class]: Invocation of init method failed; nested exception is java.lang.ClassCastException: tk.fulsun.gateway.common.dao.dataobject.secKillProduct cannot be cast to java.lang.String
	at org.springframework.beans.factory.support.AbstractAutowireCapableBeanFactory.initializeBean(AbstractAutowireCapableBeanFactory.java:1799)
	at org.springframework.beans.factory.support.AbstractAutowireCapableBeanFactory.doCreateBean(AbstractAutowireCapableBeanFactory.java:594)
	at org.springframework.beans.factory.support.AbstractAutowireCapableBeanFactory.createBean(AbstractAutowireCapableBeanFactory.java:516)
	at org.springframework.beans.factory.support.AbstractBeanFactory.lambda$doGetBean$0(AbstractBeanFactory.java:324)
	at org.springframework.beans.factory.support.DefaultSingletonBeanRegistry.getSingleton(DefaultSingletonBeanRegistry.java:234)
	at org.springframework.beans.factory.support.AbstractBeanFactory.doGetBean(AbstractBeanFactory.java:322)
	at org.springframework.beans.factory.support.AbstractBeanFactory.getBean(AbstractBeanFactory.java:202)
	at org.springframework.beans.factory.support.DefaultListableBeanFactory.preInstantiateSingletons(DefaultListableBeanFactory.java:897)
	at org.springframework.context.support.AbstractApplicationContext.finishBeanFactoryInitialization(AbstractApplicationContext.java:879)
	at org.springframework.context.support.AbstractApplicationContext.refresh(AbstractApplicationContext.java:551)
	at org.springframework.boot.web.servlet.context.ServletWebServerApplicationContext.refresh(ServletWebServerApplicationContext.java:143)
	at org.springframework.boot.SpringApplication.refresh(SpringApplication.java:755)
	at org.springframework.boot.SpringApplication.refresh(SpringApplication.java:747)
	at org.springframework.boot.SpringApplication.refreshContext(SpringApplication.java:402)
	at org.springframework.boot.SpringApplication.run(SpringApplication.java:312)
	at org.springframework.boot.SpringApplication.run(SpringApplication.java:1247)
	at org.springframework.boot.SpringApplication.run(SpringApplication.java:1236)
	at tk.fulsun.gateway.GateWayApplication.main(GateWayApplication.java:16)
	at sun.reflect.NativeMethodAccessorImpl.invoke0(Native Method)
	at sun.reflect.NativeMethodAccessorImpl.invoke(NativeMethodAccessorImpl.java:62)
	at sun.reflect.DelegatingMethodAccessorImpl.invoke(DelegatingMethodAccessorImpl.java:43)
	at java.lang.reflect.Method.invoke(Method.java:498)
	at org.springframework.boot.devtools.restart.RestartLauncher.run(RestartLauncher.java:49)
Caused by: java.lang.ClassCastException: tk.fulsun.gateway.common.dao.dataobject.secKillProduct cannot be cast to java.lang.String
	at org.springframework.data.redis.serializer.StringRedisSerializer.serialize(StringRedisSerializer.java:36)
	at org.springframework.data.redis.core.AbstractOperations.rawValue(AbstractOperations.java:127)
	at org.springframework.data.redis.core.DefaultValueOperations.set(DefaultValueOperations.java:254)
	at tk.fulsun.gateway.common.config.SecKillProductConfig.lambda$afterPropertiesSet$0(SecKillProductConfig.java:38)
	at java.util.ArrayList$ArrayListSpliterator.forEachRemaining(ArrayList.java:1382)
	at java.util.stream.ReferencePipeline$Head.forEach(ReferencePipeline.java:580)
	at tk.fulsun.gateway.common.config.SecKillProductConfig.afterPropertiesSet(SecKillProductConfig.java:35)
	at org.springframework.beans.factory.support.AbstractAutowireCapableBeanFactory.invokeInitMethods(AbstractAutowireCapableBeanFactory.java:1858)
	at org.springframework.beans.factory.support.AbstractAutowireCapableBeanFactory.initializeBean(AbstractAutowireCapableBeanFactory.java:1795)
	... 22 common frames omitted
2021-06-15 21:09:15.412 |-INFO  [restartedMain] tk.fulsun.gateway.GateWayApplication [55] -| Starting GateWayApplication on LAPTOP-FE293NEP with PID 9108 (F:\clone\springboot-study\project-seckill-gateway-service\target\classes started by fulsun in F:\clone\springboot-study)
2021-06-15 21:09:15.416 |-INFO  [restartedMain] tk.fulsun.gateway.GateWayApplication [648] -| No active profile set, falling back to default profiles: default
2021-06-15 21:09:15.516 |-INFO  [restartedMain] org.springframework.boot.devtools.env.DevToolsPropertyDefaultsPostProcessor [225] -| Devtools property defaults active! Set 'spring.devtools.add-properties' to 'false' to disable
2021-06-15 21:09:15.516 |-INFO  [restartedMain] org.springframework.boot.devtools.env.DevToolsPropertyDefaultsPostProcessor [225] -| For additional web related logging consider setting the 'logging.level.web' property to 'DEBUG'
2021-06-15 21:09:16.465 |-INFO  [restartedMain] org.springframework.data.repository.config.RepositoryConfigurationDelegate [249] -| Multiple Spring Data modules found, entering strict repository configuration mode!
2021-06-15 21:09:16.470 |-INFO  [restartedMain] org.springframework.data.repository.config.RepositoryConfigurationDelegate [127] -| Bootstrapping Spring Data Redis repositories in DEFAULT mode.
2021-06-15 21:09:16.509 |-INFO  [restartedMain] org.springframework.data.repository.config.RepositoryConfigurationDelegate [187] -| Finished Spring Data repository scanning in 18ms. Found 0 Redis repository interfaces.
2021-06-15 21:09:17.653 |-INFO  [restartedMain] org.springframework.boot.web.embedded.tomcat.TomcatWebServer [108] -| Tomcat initialized with port(s): 8070 (http)
2021-06-15 21:09:17.666 |-INFO  [restartedMain] org.apache.catalina.core.StandardService [173] -| Starting service [Tomcat]
2021-06-15 21:09:17.667 |-INFO  [restartedMain] org.apache.catalina.core.StandardEngine [173] -| Starting Servlet engine: [Apache Tomcat/9.0.46]
2021-06-15 21:09:17.764 |-INFO  [restartedMain] org.apache.catalina.core.ContainerBase.[Tomcat].[localhost].[/] [173] -| Initializing Spring embedded WebApplicationContext
2021-06-15 21:09:17.764 |-INFO  [restartedMain] org.springframework.boot.web.servlet.context.ServletWebServerApplicationContext [285] -| Root WebApplicationContext: initialization completed in 2247 ms
2021-06-15 21:09:17.822 |-INFO  [restartedMain] com.zaxxer.hikari.HikariDataSource [110] -| HikariPool-1 - Starting...
2021-06-15 21:09:18.022 |-INFO  [restartedMain] com.zaxxer.hikari.HikariDataSource [123] -| HikariPool-1 - Start completed.
2021-06-15 21:09:18.066 |-INFO  [restartedMain] org.springframework.boot.autoconfigure.h2.H2ConsoleAutoConfiguration [73] -| H2 console available at '/h2'. Database available at 'jdbc:h2:mem:testdbsa'
2021-06-15 21:09:18.127 |-INFO  [restartedMain] org.springframework.boot.devtools.autoconfigure.OptionalLiveReloadServer [58] -| LiveReload server is running on port 35729
2021-06-15 21:09:19.718 |-INFO  [restartedMain] tk.fulsun.gateway.common.config.SecKillProductConfig [40] -| [SecKillProductConfig]初始化秒杀配置完成,商品信息=[[{"id":1,"prodId":"pid_0001","prodName":"iphoneX2019新款","prodPrice":5999.000,"prodStatus":0,"prodStock":100},{"id":2,"prodId":"pid_0002","prodName":"小米9SE","prodPrice":1200.000,"prodStatus":0,"prodStock":300},{"id":3,"prodId":"pid_0003","prodName":"华为MATE20","prodPrice":2000.000,"prodStatus":0,"prodStock":400}]]
2021-06-15 21:09:20.104 |-INFO  [restartedMain] org.springframework.scheduling.concurrent.ThreadPoolTaskExecutor [181] -| Initializing ExecutorService 'applicationTaskExecutor'
2021-06-15 21:09:20.526 |-INFO  [restartedMain] org.springframework.boot.web.embedded.tomcat.TomcatWebServer [220] -| Tomcat started on port(s): 8070 (http) with context path ''
2021-06-15 21:09:20.538 |-INFO  [restartedMain] tk.fulsun.gateway.GateWayApplication [61] -| Started GateWayApplication in 5.874 seconds (JVM running for 6.567)
